<?xml version="1.0" encoding="UTF-8"?>
<testsuite xmlns:xsi="http://www.w3.org/2001/XMLSchema-instance" xsi:noNamespaceSchemaLocation="https://maven.apache.org/surefire/maven-surefire-plugin/xsd/surefire-test-report-3.0.xsd" version="3.0" name="ru.netology.geo.GeoServiceImplTest" time="0.112" tests="1" errors="1" skipped="0" failures="0">
  <properties>
[...]
</properties>
  <testcase name="byIp(String, Location)" classname="ru.netology.geo.GeoServiceImplTest" time="0.059">
    <error message="No ParameterResolver registered for parameter [java.lang.String arg0] in method [void ru.netology.geo.GeoServiceImplTest.byIp(java.lang.String,ru.netology.entity.Location)]." type="org.junit.jupiter.api.extension.ParameterResolutionException"><![CDATA[org.junit.jupiter.api.extension.ParameterResolutionException: No ParameterResolver registered for parameter [java.lang.String arg0] in method [void ru.netology.geo.GeoServiceImplTest.byIp(java.lang.String,ru.netology.entity.Location)].
	at java.base/java.util.ArrayList.forEach(ArrayList.java:1596)
	at java.base/java.util.ArrayList.forEach(ArrayList.java:1596)
]]></error>
  </testcase>
</testsuite>